<?xml version="1.0" encoding="UTF-8"?>
<!-- Generated by org.testng.reporters.JUnitReportReporter -->
<testsuite hostname="LAPTOP-LEC46EMO" failures="0" tests="1" name="Test.CartTest" time="6.240" errors="0" timestamp="2025-03-31T22:42:25 IST" skipped="0">
  <testcase classname="Test.CartTest" name="CartTestt" time="6.240"/>
</testsuite> <!-- Test.CartTest -->
