<?xml version="1.0" encoding="UTF-8"?>
<!-- Generated by org.testng.reporters.JUnitReportReporter -->
<testsuite hostname="LAPTOP-LEC46EMO" failures="0" tests="4" name="Test.LogInTest" time="89.372" errors="0" timestamp="2025-04-01T09:56:08 IST" skipped="0">
  <testcase classname="Test.LogInTest" name="LogInTests" time="21.473"/>
  <testcase classname="Test.LogInTest" name="LogInTests" time="22.670"/>
  <testcase classname="Test.LogInTest" name="LogInTests" time="21.263"/>
  <testcase classname="Test.LogInTest" name="LogInTests" time="23.966"/>
</testsuite> <!-- Test.LogInTest -->
