<?xml version="1.0" encoding="UTF-8"?>
<!-- Generated by org.testng.reporters.JUnitReportReporter -->
<testsuite hostname="LAPTOP-LEC46EMO" failures="0" tests="4" name="Test.LogInTest" time="39.222" errors="0" timestamp="2025-04-01T07:46:54 IST" skipped="0">
  <testcase classname="Test.LogInTest" name="LogInTests" time="9.010"/>
  <testcase classname="Test.LogInTest" name="LogInTests" time="10.783"/>
  <testcase classname="Test.LogInTest" name="LogInTests" time="9.716"/>
  <testcase classname="Test.LogInTest" name="LogInTests" time="9.713"/>
</testsuite> <!-- Test.LogInTest -->
