<?xml version="1.0" encoding="UTF-8"?>
<!-- Generated by org.testng.reporters.JUnitReportReporter -->
<testsuite hostname="LAPTOP-LEC46EMO" failures="0" tests="1" name="Test.CartTest" time="5.832" errors="0" timestamp="2025-04-01T09:56:08 IST" skipped="0">
  <testcase classname="Test.CartTest" name="CartTestt" time="5.832"/>
</testsuite> <!-- Test.CartTest -->
